<?xml version="1.0" encoding="UTF-8"?>
<!-- Generated by org.testng.reporters.JUnitReportReporter -->
<testsuite hostname="DESKTOP-SVKJCO6" failures="0" tests="2" name="Library_File.Avantika_maven.TestClass_Av" time="37.728" errors="0" timestamp="2023-04-18T17:14:33 IST" skipped="0">
  <testcase classname="Library_File.Avantika_maven.TestClass_Av" name="Button" time="24.297"/>
  <system-out/>
  <testcase classname="Library_File.Avantika_maven.TestClass_Av" name="verifyUserName" time="13.431"/>
  <system-out/>
</testsuite> <!-- Library_File.Avantika_maven.TestClass_Av -->
